2020-04-25 20:58:53.257 [restartedMain] INFO  com.demomodel.WebApplication - Starting WebApplication on LAPTOP-J7HC9TUN with PID 17860 (D:\workspace-eclipse\tspringbootdemo\target\classes started by zbj in D:\workspace-eclipse\tspringbootdemo)
2020-04-25 20:58:53.260 [restartedMain] INFO  com.demomodel.WebApplication - The following profiles are active: prod
2020-04-25 20:58:53.335 [restartedMain] INFO  o.s.b.d.env.DevToolsPropertyDefaultsPostProcessor - Devtools property defaults active! Set 'spring.devtools.add-properties' to 'false' to disable
2020-04-25 20:58:53.335 [restartedMain] INFO  o.s.b.d.env.DevToolsPropertyDefaultsPostProcessor - For additional web related logging consider setting the 'logging.level.web' property to 'DEBUG'
2020-04-25 20:58:58.953 [restartedMain] INFO  o.s.d.r.config.RepositoryConfigurationDelegate - Multiple Spring Data modules found, entering strict repository configuration mode!
2020-04-25 20:58:58.956 [restartedMain] INFO  o.s.d.r.config.RepositoryConfigurationDelegate - Bootstrapping Spring Data repositories in DEFAULT mode.
2020-04-25 20:58:59.039 [restartedMain] INFO  o.s.d.r.config.RepositoryConfigurationDelegate - Finished Spring Data repository scanning in 56ms. Found 0 repository interfaces.
2020-04-25 20:58:59.698 [restartedMain] INFO  o.s.c.s.PostProcessorRegistrationDelegate$BeanPostProcessorChecker - Bean 'org.springframework.transaction.annotation.ProxyTransactionManagementConfiguration' of type [org.springframework.transaction.annotation.ProxyTransactionManagementConfiguration$$EnhancerBySpringCGLIB$$d979c509] is not eligible for getting processed by all BeanPostProcessors (for example: not eligible for auto-proxying)
2020-04-25 20:59:01.254 [restartedMain] INFO  o.s.boot.web.embedded.tomcat.TomcatWebServer - Tomcat initialized with port(s): 9091 (http)
2020-04-25 20:59:01.278 [restartedMain] INFO  org.apache.coyote.http11.Http11NioProtocol - Initializing ProtocolHandler ["http-nio-9091"]
2020-04-25 20:59:01.294 [restartedMain] INFO  org.apache.catalina.core.StandardService - Starting service [Tomcat]
2020-04-25 20:59:01.295 [restartedMain] INFO  org.apache.catalina.core.StandardEngine - Starting Servlet Engine: Apache Tomcat/9.0.12
2020-04-25 20:59:01.315 [restartedMain] INFO  org.apache.catalina.core.AprLifecycleListener - The APR based Apache Tomcat Native library which allows optimal performance in production environments was not found on the java.library.path: [C:\Program Files\Java\jdk1.8.0_171\bin;C:\WINDOWS\Sun\Java\bin;C:\WINDOWS\system32;C:\WINDOWS;C:/Program Files/Java/jre1.8.0_171/bin/server;C:/Program Files/Java/jre1.8.0_171/bin;C:/Program Files/Java/jre1.8.0_171/lib/amd64;C:\Program Files (x86)\Common Files\Oracle\Java\javapath;C:\Program Files (x86)\Intel\Intel(R) Management Engine Components\iCLS\;C:\Program Files\Intel\Intel(R) Management Engine Components\iCLS\;C:\WINDOWS\system32;C:\WINDOWS;C:\WINDOWS\System32\Wbem;C:\WINDOWS\System32\WindowsPowerShell\v1.0\;C:\WINDOWS\System32\OpenSSH\;C:\Program Files (x86)\Intel\Intel(R) Management Engine Components\DAL;C:\Program Files\Intel\Intel(R) Management Engine Components\DAL;C:\Program Files (x86)\Intel\Intel(R) Management Engine Components\IPT;C:\Program Files\Intel\Intel(R) Management Engine Components\IPT;C:\Program Files\PuTTY\;D:\Develop\node\;C:\Program Files (x86)\HP\IdrsOCR_15.2.10.1114\;C:\Program Files\Intel\WiFi\bin\;C:\Program Files\Common Files\Intel\WirelessCommon\;D:\Git\cmd;D:\maven\hadoop2.6_Win_x64\bin;D:\maven\hadoop2.6_Win_x64\sbin;C:\Users\zbj\AppData\Local\Microsoft\WindowsApps;C:\Users\zbj\AppData\Roaming\npm;D:\Develop\SDK\tools;D:\Develop\SDK\platform-tools;D:\Develop\Visual Studio Code\Microsoft VS Code\bin;C:\Program Files\Java\jdk1.8.0_171\bin;D:\maven\apache-maven-3.6.2\bin\;D:\IntelliJ IDEA 2019.2.3\bin;C:\Users\zbj\AppData\Local\BypassRuntm;C:\Users\zbj\AppData\Local\GitHubDesktop\bin;C:\Program Files\JetBrains\IntelliJ IDEA 2019.3.4\bin;;C:\Users\zbj\eclipse\java-2019-09\eclipse;;.]
2020-04-25 20:59:01.484 [restartedMain] INFO  o.a.c.core.ContainerBase.[Tomcat].[localhost].[/] - Initializing Spring embedded WebApplicationContext
2020-04-25 20:59:01.485 [restartedMain] INFO  org.springframework.web.context.ContextLoader - Root WebApplicationContext: initialization completed in 8150 ms
2020-04-25 20:59:01.528 [restartedMain] INFO  o.s.boot.web.servlet.ServletRegistrationBean - Servlet dispatcherServlet mapped to [/]
2020-04-25 20:59:01.530 [restartedMain] INFO  o.s.boot.web.servlet.ServletRegistrationBean - Servlet com.demomodel.utils.de.gson.RequestDemo mapped to [/RequestDemo]
2020-04-25 20:59:01.534 [restartedMain] INFO  o.s.boot.web.servlet.FilterRegistrationBean - Mapping filter: 'characterEncodingFilter' to: [/*]
2020-04-25 20:59:03.263 [restartedMain] WARN  o.s.b.d.autoconfigure.OptionalLiveReloadServer - Unable to start LiveReload server
2020-04-25 20:59:03.356 [restartedMain] WARN  org.thymeleaf.templatemode.TemplateMode - [THYMELEAF][restartedMain] Template Mode 'HTML5' is deprecated. Using Template Mode 'HTML' instead.
2020-04-25 20:59:03.783 [restartedMain] WARN  org.thymeleaf.templatemode.TemplateMode - [THYMELEAF][restartedMain] Template Mode 'HTML5' is deprecated. Using Template Mode 'HTML' instead.
2020-04-25 20:59:03.924 [restartedMain] INFO  s.d.s.web.plugins.DocumentationPluginsBootstrapper - Context refreshed
2020-04-25 20:59:03.955 [restartedMain] INFO  s.d.s.web.plugins.DocumentationPluginsBootstrapper - Found 1 custom documentation plugin(s)
2020-04-25 20:59:03.973 [restartedMain] INFO  s.d.spring.web.scanners.ApiListingReferenceScanner - Scanning for api listing references
2020-04-25 20:59:04.068 [restartedMain] INFO  s.d.s.w.r.operation.CachingOperationNameGenerator - Generating unique operation named: helloUsingGET_1
2020-04-25 20:59:04.074 [restartedMain] INFO  s.d.s.w.r.operation.CachingOperationNameGenerator - Generating unique operation named: helloUsingHEAD_1
2020-04-25 20:59:04.076 [restartedMain] INFO  s.d.s.w.r.operation.CachingOperationNameGenerator - Generating unique operation named: helloUsingPOST_1
2020-04-25 20:59:04.079 [restartedMain] INFO  s.d.s.w.r.operation.CachingOperationNameGenerator - Generating unique operation named: helloUsingPUT_1
2020-04-25 20:59:04.081 [restartedMain] INFO  s.d.s.w.r.operation.CachingOperationNameGenerator - Generating unique operation named: helloUsingPATCH_1
2020-04-25 20:59:04.083 [restartedMain] INFO  s.d.s.w.r.operation.CachingOperationNameGenerator - Generating unique operation named: helloUsingDELETE_1
2020-04-25 20:59:04.086 [restartedMain] INFO  s.d.s.w.r.operation.CachingOperationNameGenerator - Generating unique operation named: helloUsingOPTIONS_1
2020-04-25 20:59:04.089 [restartedMain] INFO  s.d.s.w.r.operation.CachingOperationNameGenerator - Generating unique operation named: helloUsingTRACE_1
2020-04-25 20:59:04.139 [restartedMain] INFO  s.d.s.w.r.operation.CachingOperationNameGenerator - Generating unique operation named: errorUsingGET_1
2020-04-25 20:59:04.142 [restartedMain] INFO  s.d.s.w.r.operation.CachingOperationNameGenerator - Generating unique operation named: errorUsingHEAD_1
2020-04-25 20:59:04.144 [restartedMain] INFO  s.d.s.w.r.operation.CachingOperationNameGenerator - Generating unique operation named: errorUsingPOST_1
2020-04-25 20:59:04.148 [restartedMain] INFO  s.d.s.w.r.operation.CachingOperationNameGenerator - Generating unique operation named: errorUsingPUT_1
2020-04-25 20:59:04.151 [restartedMain] INFO  s.d.s.w.r.operation.CachingOperationNameGenerator - Generating unique operation named: errorUsingPATCH_1
2020-04-25 20:59:04.156 [restartedMain] INFO  s.d.s.w.r.operation.CachingOperationNameGenerator - Generating unique operation named: errorUsingDELETE_1
2020-04-25 20:59:04.159 [restartedMain] INFO  s.d.s.w.r.operation.CachingOperationNameGenerator - Generating unique operation named: errorUsingOPTIONS_1
2020-04-25 20:59:04.161 [restartedMain] INFO  s.d.s.w.r.operation.CachingOperationNameGenerator - Generating unique operation named: errorUsingTRACE_1
2020-04-25 20:59:04.229 [restartedMain] INFO  s.d.s.w.r.operation.CachingOperationNameGenerator - Generating unique operation named: errorHtmlUsingGET_1
2020-04-25 20:59:04.232 [restartedMain] INFO  s.d.s.w.r.operation.CachingOperationNameGenerator - Generating unique operation named: errorHtmlUsingHEAD_1
2020-04-25 20:59:04.235 [restartedMain] INFO  s.d.s.w.r.operation.CachingOperationNameGenerator - Generating unique operation named: errorHtmlUsingPOST_1
2020-04-25 20:59:04.240 [restartedMain] INFO  s.d.s.w.r.operation.CachingOperationNameGenerator - Generating unique operation named: errorHtmlUsingPUT_1
2020-04-25 20:59:04.243 [restartedMain] INFO  s.d.s.w.r.operation.CachingOperationNameGenerator - Generating unique operation named: errorHtmlUsingPATCH_1
2020-04-25 20:59:04.245 [restartedMain] INFO  s.d.s.w.r.operation.CachingOperationNameGenerator - Generating unique operation named: errorHtmlUsingDELETE_1
2020-04-25 20:59:04.248 [restartedMain] INFO  s.d.s.w.r.operation.CachingOperationNameGenerator - Generating unique operation named: errorHtmlUsingOPTIONS_1
2020-04-25 20:59:04.250 [restartedMain] INFO  s.d.s.w.r.operation.CachingOperationNameGenerator - Generating unique operation named: errorHtmlUsingTRACE_1
2020-04-25 20:59:04.264 [restartedMain] INFO  s.d.s.w.r.operation.CachingOperationNameGenerator - Generating unique operation named: doPostUsingGET_1
2020-04-25 20:59:04.265 [restartedMain] INFO  s.d.s.w.r.operation.CachingOperationNameGenerator - Generating unique operation named: doPostUsingHEAD_1
2020-04-25 20:59:04.266 [restartedMain] INFO  s.d.s.w.r.operation.CachingOperationNameGenerator - Generating unique operation named: doPostUsingPOST_1
2020-04-25 20:59:04.267 [restartedMain] INFO  s.d.s.w.r.operation.CachingOperationNameGenerator - Generating unique operation named: doPostUsingPUT_1
2020-04-25 20:59:04.268 [restartedMain] INFO  s.d.s.w.r.operation.CachingOperationNameGenerator - Generating unique operation named: doPostUsingPATCH_1
2020-04-25 20:59:04.269 [restartedMain] INFO  s.d.s.w.r.operation.CachingOperationNameGenerator - Generating unique operation named: doPostUsingDELETE_1
2020-04-25 20:59:04.271 [restartedMain] INFO  s.d.s.w.r.operation.CachingOperationNameGenerator - Generating unique operation named: doPostUsingOPTIONS_1
2020-04-25 20:59:04.272 [restartedMain] INFO  s.d.s.w.r.operation.CachingOperationNameGenerator - Generating unique operation named: doPostUsingTRACE_1
2020-04-25 20:59:04.279 [restartedMain] INFO  s.d.s.w.r.operation.CachingOperationNameGenerator - Generating unique operation named: jsonToObjectUsingGET_1
2020-04-25 20:59:04.280 [restartedMain] INFO  s.d.s.w.r.operation.CachingOperationNameGenerator - Generating unique operation named: jsonToObjectUsingHEAD_1
2020-04-25 20:59:04.280 [restartedMain] INFO  s.d.s.w.r.operation.CachingOperationNameGenerator - Generating unique operation named: jsonToObjectUsingPOST_1
2020-04-25 20:59:04.281 [restartedMain] INFO  s.d.s.w.r.operation.CachingOperationNameGenerator - Generating unique operation named: jsonToObjectUsingPUT_1
2020-04-25 20:59:04.283 [restartedMain] INFO  s.d.s.w.r.operation.CachingOperationNameGenerator - Generating unique operation named: jsonToObjectUsingPATCH_1
2020-04-25 20:59:04.285 [restartedMain] INFO  s.d.s.w.r.operation.CachingOperationNameGenerator - Generating unique operation named: jsonToObjectUsingDELETE_1
2020-04-25 20:59:04.286 [restartedMain] INFO  s.d.s.w.r.operation.CachingOperationNameGenerator - Generating unique operation named: jsonToObjectUsingOPTIONS_1
2020-04-25 20:59:04.290 [restartedMain] INFO  s.d.s.w.r.operation.CachingOperationNameGenerator - Generating unique operation named: jsonToObjectUsingTRACE_1
2020-04-25 20:59:04.300 [restartedMain] INFO  s.d.s.w.r.operation.CachingOperationNameGenerator - Generating unique operation named: jsonToObjectUsingPOST_2
2020-04-25 20:59:04.305 [restartedMain] INFO  s.d.s.w.r.operation.CachingOperationNameGenerator - Generating unique operation named: jsonToObjectUsingPOST_3
2020-04-25 20:59:04.351 [restartedMain] INFO  s.d.s.w.r.operation.CachingOperationNameGenerator - Generating unique operation named: queryTerrorists2UsingGET_1
2020-04-25 20:59:04.355 [restartedMain] INFO  s.d.s.w.r.operation.CachingOperationNameGenerator - Generating unique operation named: queryTerrorists2UsingHEAD_1
2020-04-25 20:59:04.359 [restartedMain] INFO  s.d.s.w.r.operation.CachingOperationNameGenerator - Generating unique operation named: queryTerrorists2UsingPOST_1
2020-04-25 20:59:04.361 [restartedMain] INFO  s.d.s.w.r.operation.CachingOperationNameGenerator - Generating unique operation named: queryTerrorists2UsingPUT_1
2020-04-25 20:59:04.364 [restartedMain] INFO  s.d.s.w.r.operation.CachingOperationNameGenerator - Generating unique operation named: queryTerrorists2UsingPATCH_1
2020-04-25 20:59:04.367 [restartedMain] INFO  s.d.s.w.r.operation.CachingOperationNameGenerator - Generating unique operation named: queryTerrorists2UsingDELETE_1
2020-04-25 20:59:04.371 [restartedMain] INFO  s.d.s.w.r.operation.CachingOperationNameGenerator - Generating unique operation named: queryTerrorists2UsingOPTIONS_1
2020-04-25 20:59:04.376 [restartedMain] INFO  s.d.s.w.r.operation.CachingOperationNameGenerator - Generating unique operation named: queryTerrorists2UsingTRACE_1
2020-04-25 20:59:04.395 [restartedMain] INFO  s.d.s.w.r.operation.CachingOperationNameGenerator - Generating unique operation named: queryTerrorists3UsingGET_1
2020-04-25 20:59:04.397 [restartedMain] INFO  s.d.s.w.r.operation.CachingOperationNameGenerator - Generating unique operation named: queryTerrorists3UsingHEAD_1
2020-04-25 20:59:04.398 [restartedMain] INFO  s.d.s.w.r.operation.CachingOperationNameGenerator - Generating unique operation named: queryTerrorists3UsingPOST_1
2020-04-25 20:59:04.399 [restartedMain] INFO  s.d.s.w.r.operation.CachingOperationNameGenerator - Generating unique operation named: queryTerrorists3UsingPUT_1
2020-04-25 20:59:04.401 [restartedMain] INFO  s.d.s.w.r.operation.CachingOperationNameGenerator - Generating unique operation named: queryTerrorists3UsingPATCH_1
2020-04-25 20:59:04.404 [restartedMain] INFO  s.d.s.w.r.operation.CachingOperationNameGenerator - Generating unique operation named: queryTerrorists3UsingDELETE_1
2020-04-25 20:59:04.408 [restartedMain] INFO  s.d.s.w.r.operation.CachingOperationNameGenerator - Generating unique operation named: queryTerrorists3UsingOPTIONS_1
2020-04-25 20:59:04.410 [restartedMain] INFO  s.d.s.w.r.operation.CachingOperationNameGenerator - Generating unique operation named: queryTerrorists3UsingTRACE_1
2020-04-25 20:59:04.426 [restartedMain] INFO  s.d.s.w.r.operation.CachingOperationNameGenerator - Generating unique operation named: queryTerrorists4UsingGET_1
2020-04-25 20:59:04.428 [restartedMain] INFO  s.d.s.w.r.operation.CachingOperationNameGenerator - Generating unique operation named: queryTerrorists4UsingHEAD_1
2020-04-25 20:59:04.429 [restartedMain] INFO  s.d.s.w.r.operation.CachingOperationNameGenerator - Generating unique operation named: queryTerrorists4UsingPOST_1
2020-04-25 20:59:04.472 [restartedMain] INFO  s.d.s.w.r.operation.CachingOperationNameGenerator - Generating unique operation named: queryTerrorists4UsingPUT_1
2020-04-25 20:59:04.477 [restartedMain] INFO  s.d.s.w.r.operation.CachingOperationNameGenerator - Generating unique operation named: queryTerrorists4UsingPATCH_1
2020-04-25 20:59:04.479 [restartedMain] INFO  s.d.s.w.r.operation.CachingOperationNameGenerator - Generating unique operation named: queryTerrorists4UsingDELETE_1
2020-04-25 20:59:04.480 [restartedMain] INFO  s.d.s.w.r.operation.CachingOperationNameGenerator - Generating unique operation named: queryTerrorists4UsingOPTIONS_1
2020-04-25 20:59:04.481 [restartedMain] INFO  s.d.s.w.r.operation.CachingOperationNameGenerator - Generating unique operation named: queryTerrorists4UsingTRACE_1
2020-04-25 20:59:04.497 [restartedMain] INFO  s.d.s.w.r.operation.CachingOperationNameGenerator - Generating unique operation named: updateUserUsingGET_1
2020-04-25 20:59:04.499 [restartedMain] INFO  s.d.s.w.r.operation.CachingOperationNameGenerator - Generating unique operation named: updateUserUsingHEAD_1
2020-04-25 20:59:04.501 [restartedMain] INFO  s.d.s.w.r.operation.CachingOperationNameGenerator - Generating unique operation named: updateUserUsingPOST_1
2020-04-25 20:59:04.503 [restartedMain] INFO  s.d.s.w.r.operation.CachingOperationNameGenerator - Generating unique operation named: updateUserUsingPUT_1
2020-04-25 20:59:04.506 [restartedMain] INFO  s.d.s.w.r.operation.CachingOperationNameGenerator - Generating unique operation named: updateUserUsingPATCH_1
2020-04-25 20:59:04.508 [restartedMain] INFO  s.d.s.w.r.operation.CachingOperationNameGenerator - Generating unique operation named: updateUserUsingDELETE_1
2020-04-25 20:59:04.509 [restartedMain] INFO  s.d.s.w.r.operation.CachingOperationNameGenerator - Generating unique operation named: updateUserUsingOPTIONS_1
2020-04-25 20:59:04.510 [restartedMain] INFO  s.d.s.w.r.operation.CachingOperationNameGenerator - Generating unique operation named: updateUserUsingTRACE_1
2020-04-25 20:59:04.514 [restartedMain] INFO  s.d.s.w.r.operation.CachingOperationNameGenerator - Generating unique operation named: helloUsingGET_2
2020-04-25 20:59:04.514 [restartedMain] INFO  s.d.s.w.r.operation.CachingOperationNameGenerator - Generating unique operation named: helloUsingHEAD_2
2020-04-25 20:59:04.515 [restartedMain] INFO  s.d.s.w.r.operation.CachingOperationNameGenerator - Generating unique operation named: helloUsingPOST_2
2020-04-25 20:59:04.516 [restartedMain] INFO  s.d.s.w.r.operation.CachingOperationNameGenerator - Generating unique operation named: helloUsingPUT_2
2020-04-25 20:59:04.516 [restartedMain] INFO  s.d.s.w.r.operation.CachingOperationNameGenerator - Generating unique operation named: helloUsingPATCH_2
2020-04-25 20:59:04.517 [restartedMain] INFO  s.d.s.w.r.operation.CachingOperationNameGenerator - Generating unique operation named: helloUsingDELETE_2
2020-04-25 20:59:04.517 [restartedMain] INFO  s.d.s.w.r.operation.CachingOperationNameGenerator - Generating unique operation named: helloUsingOPTIONS_2
2020-04-25 20:59:04.518 [restartedMain] INFO  s.d.s.w.r.operation.CachingOperationNameGenerator - Generating unique operation named: helloUsingTRACE_2
2020-04-25 20:59:04.520 [restartedMain] INFO  s.d.s.w.r.operation.CachingOperationNameGenerator - Generating unique operation named: helloUsingGET_3
2020-04-25 20:59:04.521 [restartedMain] INFO  s.d.s.w.r.operation.CachingOperationNameGenerator - Generating unique operation named: helloUsingHEAD_3
2020-04-25 20:59:04.521 [restartedMain] INFO  s.d.s.w.r.operation.CachingOperationNameGenerator - Generating unique operation named: helloUsingPOST_3
2020-04-25 20:59:04.522 [restartedMain] INFO  s.d.s.w.r.operation.CachingOperationNameGenerator - Generating unique operation named: helloUsingPUT_3
2020-04-25 20:59:04.523 [restartedMain] INFO  s.d.s.w.r.operation.CachingOperationNameGenerator - Generating unique operation named: helloUsingPATCH_3
2020-04-25 20:59:04.523 [restartedMain] INFO  s.d.s.w.r.operation.CachingOperationNameGenerator - Generating unique operation named: helloUsingDELETE_3
2020-04-25 20:59:04.524 [restartedMain] INFO  s.d.s.w.r.operation.CachingOperationNameGenerator - Generating unique operation named: helloUsingOPTIONS_3
2020-04-25 20:59:04.525 [restartedMain] INFO  s.d.s.w.r.operation.CachingOperationNameGenerator - Generating unique operation named: helloUsingTRACE_3
2020-04-25 20:59:04.531 [restartedMain] INFO  s.d.s.w.r.operation.CachingOperationNameGenerator - Generating unique operation named: hello2UsingGET_1
2020-04-25 20:59:04.531 [restartedMain] INFO  s.d.s.w.r.operation.CachingOperationNameGenerator - Generating unique operation named: hello2UsingHEAD_1
2020-04-25 20:59:04.532 [restartedMain] INFO  s.d.s.w.r.operation.CachingOperationNameGenerator - Generating unique operation named: hello2UsingPOST_1
2020-04-25 20:59:04.533 [restartedMain] INFO  s.d.s.w.r.operation.CachingOperationNameGenerator - Generating unique operation named: hello2UsingPUT_1
2020-04-25 20:59:04.534 [restartedMain] INFO  s.d.s.w.r.operation.CachingOperationNameGenerator - Generating unique operation named: hello2UsingPATCH_1
2020-04-25 20:59:04.535 [restartedMain] INFO  s.d.s.w.r.operation.CachingOperationNameGenerator - Generating unique operation named: hello2UsingDELETE_1
2020-04-25 20:59:04.540 [restartedMain] INFO  s.d.s.w.r.operation.CachingOperationNameGenerator - Generating unique operation named: hello2UsingOPTIONS_1
2020-04-25 20:59:04.540 [restartedMain] INFO  s.d.s.w.r.operation.CachingOperationNameGenerator - Generating unique operation named: hello2UsingTRACE_1
2020-04-25 20:59:04.554 [restartedMain] INFO  s.d.s.w.r.operation.CachingOperationNameGenerator - Generating unique operation named: implicitTerroriUsingGET_1
2020-04-25 20:59:04.556 [restartedMain] INFO  s.d.s.w.r.operation.CachingOperationNameGenerator - Generating unique operation named: implicitTerroriUsingHEAD_1
2020-04-25 20:59:04.557 [restartedMain] INFO  s.d.s.w.r.operation.CachingOperationNameGenerator - Generating unique operation named: implicitTerroriUsingPOST_1
2020-04-25 20:59:04.557 [restartedMain] INFO  s.d.s.w.r.operation.CachingOperationNameGenerator - Generating unique operation named: implicitTerroriUsingPUT_1
2020-04-25 20:59:04.558 [restartedMain] INFO  s.d.s.w.r.operation.CachingOperationNameGenerator - Generating unique operation named: implicitTerroriUsingPATCH_1
2020-04-25 20:59:04.560 [restartedMain] INFO  s.d.s.w.r.operation.CachingOperationNameGenerator - Generating unique operation named: implicitTerroriUsingDELETE_1
2020-04-25 20:59:04.561 [restartedMain] INFO  s.d.s.w.r.operation.CachingOperationNameGenerator - Generating unique operation named: implicitTerroriUsingOPTIONS_1
2020-04-25 20:59:04.563 [restartedMain] INFO  s.d.s.w.r.operation.CachingOperationNameGenerator - Generating unique operation named: implicitTerroriUsingTRACE_1
2020-04-25 20:59:04.573 [restartedMain] INFO  s.d.s.w.r.operation.CachingOperationNameGenerator - Generating unique operation named: implicitTerroristsUsingGET_1
2020-04-25 20:59:04.574 [restartedMain] INFO  s.d.s.w.r.operation.CachingOperationNameGenerator - Generating unique operation named: implicitTerroristsUsingHEAD_1
2020-04-25 20:59:04.575 [restartedMain] INFO  s.d.s.w.r.operation.CachingOperationNameGenerator - Generating unique operation named: implicitTerroristsUsingPOST_1
2020-04-25 20:59:04.577 [restartedMain] INFO  s.d.s.w.r.operation.CachingOperationNameGenerator - Generating unique operation named: implicitTerroristsUsingPUT_1
2020-04-25 20:59:04.578 [restartedMain] INFO  s.d.s.w.r.operation.CachingOperationNameGenerator - Generating unique operation named: implicitTerroristsUsingPATCH_1
2020-04-25 20:59:04.579 [restartedMain] INFO  s.d.s.w.r.operation.CachingOperationNameGenerator - Generating unique operation named: implicitTerroristsUsingDELETE_1
2020-04-25 20:59:04.580 [restartedMain] INFO  s.d.s.w.r.operation.CachingOperationNameGenerator - Generating unique operation named: implicitTerroristsUsingOPTIONS_1
2020-04-25 20:59:04.581 [restartedMain] INFO  s.d.s.w.r.operation.CachingOperationNameGenerator - Generating unique operation named: implicitTerroristsUsingTRACE_1
2020-04-25 20:59:04.604 [restartedMain] INFO  s.d.s.w.r.operation.CachingOperationNameGenerator - Generating unique operation named: queryTerroristsUsingGET_1
2020-04-25 20:59:04.606 [restartedMain] INFO  s.d.s.w.r.operation.CachingOperationNameGenerator - Generating unique operation named: queryTerroristsUsingHEAD_1
2020-04-25 20:59:04.607 [restartedMain] INFO  s.d.s.w.r.operation.CachingOperationNameGenerator - Generating unique operation named: queryTerroristsUsingPOST_1
2020-04-25 20:59:04.609 [restartedMain] INFO  s.d.s.w.r.operation.CachingOperationNameGenerator - Generating unique operation named: queryTerroristsUsingPUT_1
2020-04-25 20:59:04.610 [restartedMain] INFO  s.d.s.w.r.operation.CachingOperationNameGenerator - Generating unique operation named: queryTerroristsUsingPATCH_1
2020-04-25 20:59:04.612 [restartedMain] INFO  s.d.s.w.r.operation.CachingOperationNameGenerator - Generating unique operation named: queryTerroristsUsingDELETE_1
2020-04-25 20:59:04.614 [restartedMain] INFO  s.d.s.w.r.operation.CachingOperationNameGenerator - Generating unique operation named: queryTerroristsUsingOPTIONS_1
2020-04-25 20:59:04.616 [restartedMain] INFO  s.d.s.w.r.operation.CachingOperationNameGenerator - Generating unique operation named: queryTerroristsUsingTRACE_1
2020-04-25 20:59:04.624 [restartedMain] INFO  s.d.s.w.r.operation.CachingOperationNameGenerator - Generating unique operation named: updtaControlStateUsingPOST_1
2020-04-25 20:59:04.627 [restartedMain] INFO  s.d.s.w.r.operation.CachingOperationNameGenerator - Generating unique operation named: testJspUsingGET_1
2020-04-25 20:59:04.629 [restartedMain] INFO  s.d.s.w.r.operation.CachingOperationNameGenerator - Generating unique operation named: testThemleafUsingGET_1
2020-04-25 20:59:04.632 [restartedMain] INFO  s.d.s.w.r.operation.CachingOperationNameGenerator - Generating unique operation named: testVueUsingGET_1
2020-04-25 20:59:04.640 [restartedMain] INFO  s.d.s.w.r.operation.CachingOperationNameGenerator - Generating unique operation named: getRedisUsingGET_1
2020-04-25 20:59:04.641 [restartedMain] INFO  s.d.s.w.r.operation.CachingOperationNameGenerator - Generating unique operation named: getRedisUsingHEAD_1
2020-04-25 20:59:04.641 [restartedMain] INFO  s.d.s.w.r.operation.CachingOperationNameGenerator - Generating unique operation named: getRedisUsingPOST_1
2020-04-25 20:59:04.642 [restartedMain] INFO  s.d.s.w.r.operation.CachingOperationNameGenerator - Generating unique operation named: getRedisUsingPUT_1
2020-04-25 20:59:04.642 [restartedMain] INFO  s.d.s.w.r.operation.CachingOperationNameGenerator - Generating unique operation named: getRedisUsingPATCH_1
2020-04-25 20:59:04.642 [restartedMain] INFO  s.d.s.w.r.operation.CachingOperationNameGenerator - Generating unique operation named: getRedisUsingDELETE_1
2020-04-25 20:59:04.643 [restartedMain] INFO  s.d.s.w.r.operation.CachingOperationNameGenerator - Generating unique operation named: getRedisUsingOPTIONS_1
2020-04-25 20:59:04.643 [restartedMain] INFO  s.d.s.w.r.operation.CachingOperationNameGenerator - Generating unique operation named: getRedisUsingTRACE_1
2020-04-25 20:59:04.645 [restartedMain] INFO  s.d.s.w.r.operation.CachingOperationNameGenerator - Generating unique operation named: updtaControlStateUsingPOST_2
2020-04-25 20:59:04.647 [restartedMain] INFO  s.d.s.w.r.operation.CachingOperationNameGenerator - Generating unique operation named: updtaControlStateUsingPOST_3
2020-04-25 20:59:04.654 [restartedMain] INFO  s.d.s.w.r.operation.CachingOperationNameGenerator - Generating unique operation named: getRedisUsingGET_2
2020-04-25 20:59:04.656 [restartedMain] INFO  s.d.s.w.r.operation.CachingOperationNameGenerator - Generating unique operation named: getRedisUsingHEAD_2
2020-04-25 20:59:04.657 [restartedMain] INFO  s.d.s.w.r.operation.CachingOperationNameGenerator - Generating unique operation named: getRedisUsingPOST_2
2020-04-25 20:59:04.658 [restartedMain] INFO  s.d.s.w.r.operation.CachingOperationNameGenerator - Generating unique operation named: getRedisUsingPUT_2
2020-04-25 20:59:04.659 [restartedMain] INFO  s.d.s.w.r.operation.CachingOperationNameGenerator - Generating unique operation named: getRedisUsingPATCH_2
2020-04-25 20:59:04.660 [restartedMain] INFO  s.d.s.w.r.operation.CachingOperationNameGenerator - Generating unique operation named: getRedisUsingDELETE_2
2020-04-25 20:59:04.660 [restartedMain] INFO  s.d.s.w.r.operation.CachingOperationNameGenerator - Generating unique operation named: getRedisUsingOPTIONS_2
2020-04-25 20:59:04.661 [restartedMain] INFO  s.d.s.w.r.operation.CachingOperationNameGenerator - Generating unique operation named: getRedisUsingTRACE_2
2020-04-25 20:59:04.662 [restartedMain] INFO  s.d.s.w.r.operation.CachingOperationNameGenerator - Generating unique operation named: getRedisUsingGET_3
2020-04-25 20:59:04.662 [restartedMain] INFO  s.d.s.w.r.operation.CachingOperationNameGenerator - Generating unique operation named: getRedisUsingHEAD_3
2020-04-25 20:59:04.662 [restartedMain] INFO  s.d.s.w.r.operation.CachingOperationNameGenerator - Generating unique operation named: getRedisUsingPOST_3
2020-04-25 20:59:04.663 [restartedMain] INFO  s.d.s.w.r.operation.CachingOperationNameGenerator - Generating unique operation named: getRedisUsingPUT_3
2020-04-25 20:59:04.664 [restartedMain] INFO  s.d.s.w.r.operation.CachingOperationNameGenerator - Generating unique operation named: getRedisUsingPATCH_3
2020-04-25 20:59:04.664 [restartedMain] INFO  s.d.s.w.r.operation.CachingOperationNameGenerator - Generating unique operation named: getRedisUsingDELETE_3
2020-04-25 20:59:04.665 [restartedMain] INFO  s.d.s.w.r.operation.CachingOperationNameGenerator - Generating unique operation named: getRedisUsingOPTIONS_3
2020-04-25 20:59:04.665 [restartedMain] INFO  s.d.s.w.r.operation.CachingOperationNameGenerator - Generating unique operation named: getRedisUsingTRACE_3
2020-04-25 20:59:04.668 [restartedMain] INFO  s.d.s.w.r.operation.CachingOperationNameGenerator - Generating unique operation named: checkAuthCookiesUsingGET_1
2020-04-25 20:59:04.675 [restartedMain] INFO  s.d.s.w.r.operation.CachingOperationNameGenerator - Generating unique operation named: checkLoginUsingGET_1
2020-04-25 20:59:04.676 [restartedMain] INFO  s.d.s.w.r.operation.CachingOperationNameGenerator - Generating unique operation named: checkLoginUsingHEAD_1
2020-04-25 20:59:04.677 [restartedMain] INFO  s.d.s.w.r.operation.CachingOperationNameGenerator - Generating unique operation named: checkLoginUsingPOST_1
2020-04-25 20:59:04.678 [restartedMain] INFO  s.d.s.w.r.operation.CachingOperationNameGenerator - Generating unique operation named: checkLoginUsingPUT_1
2020-04-25 20:59:04.679 [restartedMain] INFO  s.d.s.w.r.operation.CachingOperationNameGenerator - Generating unique operation named: checkLoginUsingPATCH_1
2020-04-25 20:59:04.680 [restartedMain] INFO  s.d.s.w.r.operation.CachingOperationNameGenerator - Generating unique operation named: checkLoginUsingDELETE_1
2020-04-25 20:59:04.681 [restartedMain] INFO  s.d.s.w.r.operation.CachingOperationNameGenerator - Generating unique operation named: checkLoginUsingOPTIONS_1
2020-04-25 20:59:04.682 [restartedMain] INFO  s.d.s.w.r.operation.CachingOperationNameGenerator - Generating unique operation named: checkLoginUsingTRACE_1
2020-04-25 20:59:04.686 [restartedMain] INFO  s.d.s.w.r.operation.CachingOperationNameGenerator - Generating unique operation named: indexUsingGET_1
2020-04-25 20:59:04.687 [restartedMain] INFO  s.d.s.w.r.operation.CachingOperationNameGenerator - Generating unique operation named: indexUsingHEAD_1
2020-04-25 20:59:04.687 [restartedMain] INFO  s.d.s.w.r.operation.CachingOperationNameGenerator - Generating unique operation named: indexUsingPOST_1
2020-04-25 20:59:04.688 [restartedMain] INFO  s.d.s.w.r.operation.CachingOperationNameGenerator - Generating unique operation named: indexUsingPUT_1
2020-04-25 20:59:04.688 [restartedMain] INFO  s.d.s.w.r.operation.CachingOperationNameGenerator - Generating unique operation named: indexUsingPATCH_1
2020-04-25 20:59:04.689 [restartedMain] INFO  s.d.s.w.r.operation.CachingOperationNameGenerator - Generating unique operation named: indexUsingDELETE_1
2020-04-25 20:59:04.689 [restartedMain] INFO  s.d.s.w.r.operation.CachingOperationNameGenerator - Generating unique operation named: indexUsingOPTIONS_1
2020-04-25 20:59:04.690 [restartedMain] INFO  s.d.s.w.r.operation.CachingOperationNameGenerator - Generating unique operation named: indexUsingTRACE_1
2020-04-25 20:59:04.706 [restartedMain] INFO  s.d.s.w.r.operation.CachingOperationNameGenerator - Generating unique operation named: userLoginUsingGET_1
2020-04-25 20:59:04.707 [restartedMain] INFO  s.d.s.w.r.operation.CachingOperationNameGenerator - Generating unique operation named: userLoginUsingHEAD_1
2020-04-25 20:59:04.708 [restartedMain] INFO  s.d.s.w.r.operation.CachingOperationNameGenerator - Generating unique operation named: userLoginUsingPOST_1
2020-04-25 20:59:04.709 [restartedMain] INFO  s.d.s.w.r.operation.CachingOperationNameGenerator - Generating unique operation named: userLoginUsingPUT_1
2020-04-25 20:59:04.710 [restartedMain] INFO  s.d.s.w.r.operation.CachingOperationNameGenerator - Generating unique operation named: userLoginUsingPATCH_1
2020-04-25 20:59:04.711 [restartedMain] INFO  s.d.s.w.r.operation.CachingOperationNameGenerator - Generating unique operation named: userLoginUsingDELETE_1
2020-04-25 20:59:04.713 [restartedMain] INFO  s.d.s.w.r.operation.CachingOperationNameGenerator - Generating unique operation named: userLoginUsingOPTIONS_1
2020-04-25 20:59:04.714 [restartedMain] INFO  s.d.s.w.r.operation.CachingOperationNameGenerator - Generating unique operation named: userLoginUsingTRACE_1
2020-04-25 20:59:04.741 [restartedMain] INFO  s.d.s.w.r.operation.CachingOperationNameGenerator - Generating unique operation named: async1UsingGET_1
2020-04-25 20:59:04.743 [restartedMain] INFO  s.d.s.w.r.operation.CachingOperationNameGenerator - Generating unique operation named: async1UsingHEAD_1
2020-04-25 20:59:04.745 [restartedMain] INFO  s.d.s.w.r.operation.CachingOperationNameGenerator - Generating unique operation named: async1UsingPOST_1
2020-04-25 20:59:04.746 [restartedMain] INFO  s.d.s.w.r.operation.CachingOperationNameGenerator - Generating unique operation named: async1UsingPUT_1
2020-04-25 20:59:04.748 [restartedMain] INFO  s.d.s.w.r.operation.CachingOperationNameGenerator - Generating unique operation named: async1UsingPATCH_1
2020-04-25 20:59:04.749 [restartedMain] INFO  s.d.s.w.r.operation.CachingOperationNameGenerator - Generating unique operation named: async1UsingDELETE_1
2020-04-25 20:59:04.750 [restartedMain] INFO  s.d.s.w.r.operation.CachingOperationNameGenerator - Generating unique operation named: async1UsingOPTIONS_1
2020-04-25 20:59:04.755 [restartedMain] INFO  s.d.s.w.r.operation.CachingOperationNameGenerator - Generating unique operation named: async1UsingTRACE_1
2020-04-25 20:59:04.773 [restartedMain] INFO  s.d.s.w.r.operation.CachingOperationNameGenerator - Generating unique operation named: async2UsingGET_1
2020-04-25 20:59:04.776 [restartedMain] INFO  s.d.s.w.r.operation.CachingOperationNameGenerator - Generating unique operation named: async2UsingHEAD_1
2020-04-25 20:59:04.778 [restartedMain] INFO  s.d.s.w.r.operation.CachingOperationNameGenerator - Generating unique operation named: async2UsingPOST_1
2020-04-25 20:59:04.780 [restartedMain] INFO  s.d.s.w.r.operation.CachingOperationNameGenerator - Generating unique operation named: async2UsingPUT_1
2020-04-25 20:59:04.783 [restartedMain] INFO  s.d.s.w.r.operation.CachingOperationNameGenerator - Generating unique operation named: async2UsingPATCH_1
2020-04-25 20:59:04.785 [restartedMain] INFO  s.d.s.w.r.operation.CachingOperationNameGenerator - Generating unique operation named: async2UsingDELETE_1
2020-04-25 20:59:04.790 [restartedMain] INFO  s.d.s.w.r.operation.CachingOperationNameGenerator - Generating unique operation named: async2UsingOPTIONS_1
2020-04-25 20:59:04.792 [restartedMain] INFO  s.d.s.w.r.operation.CachingOperationNameGenerator - Generating unique operation named: async2UsingTRACE_1
2020-04-25 20:59:04.799 [restartedMain] INFO  s.d.s.w.r.operation.CachingOperationNameGenerator - Generating unique operation named: createUsingPOST_1
2020-04-25 20:59:04.812 [restartedMain] INFO  s.d.s.w.r.operation.CachingOperationNameGenerator - Generating unique operation named: exceptionUsingGET_1
2020-04-25 20:59:04.813 [restartedMain] INFO  s.d.s.w.r.operation.CachingOperationNameGenerator - Generating unique operation named: exceptionUsingHEAD_1
2020-04-25 20:59:04.815 [restartedMain] INFO  s.d.s.w.r.operation.CachingOperationNameGenerator - Generating unique operation named: exceptionUsingPOST_1
2020-04-25 20:59:04.816 [restartedMain] INFO  s.d.s.w.r.operation.CachingOperationNameGenerator - Generating unique operation named: exceptionUsingPUT_1
2020-04-25 20:59:04.818 [restartedMain] INFO  s.d.s.w.r.operation.CachingOperationNameGenerator - Generating unique operation named: exceptionUsingPATCH_1
2020-04-25 20:59:04.820 [restartedMain] INFO  s.d.s.w.r.operation.CachingOperationNameGenerator - Generating unique operation named: exceptionUsingDELETE_1
2020-04-25 20:59:04.823 [restartedMain] INFO  s.d.s.w.r.operation.CachingOperationNameGenerator - Generating unique operation named: exceptionUsingOPTIONS_1
2020-04-25 20:59:04.824 [restartedMain] INFO  s.d.s.w.r.operation.CachingOperationNameGenerator - Generating unique operation named: exceptionUsingTRACE_1
2020-04-25 20:59:04.832 [restartedMain] INFO  s.d.s.w.r.operation.CachingOperationNameGenerator - Generating unique operation named: jsonUsingPOST_1
2020-04-25 20:59:04.839 [restartedMain] INFO  s.d.s.w.r.operation.CachingOperationNameGenerator - Generating unique operation named: uploadIconUsingPOST_1
2020-04-25 20:59:04.849 [restartedMain] INFO  s.d.s.w.r.operation.CachingOperationNameGenerator - Generating unique operation named: viewUsingGET_1
2020-04-25 20:59:04.851 [restartedMain] INFO  s.d.s.w.r.operation.CachingOperationNameGenerator - Generating unique operation named: viewUsingHEAD_1
2020-04-25 20:59:04.854 [restartedMain] INFO  s.d.s.w.r.operation.CachingOperationNameGenerator - Generating unique operation named: viewUsingPOST_1
2020-04-25 20:59:04.857 [restartedMain] INFO  s.d.s.w.r.operation.CachingOperationNameGenerator - Generating unique operation named: viewUsingPUT_1
2020-04-25 20:59:04.859 [restartedMain] INFO  s.d.s.w.r.operation.CachingOperationNameGenerator - Generating unique operation named: viewUsingPATCH_1
2020-04-25 20:59:04.861 [restartedMain] INFO  s.d.s.w.r.operation.CachingOperationNameGenerator - Generating unique operation named: viewUsingDELETE_1
2020-04-25 20:59:04.863 [restartedMain] INFO  s.d.s.w.r.operation.CachingOperationNameGenerator - Generating unique operation named: viewUsingOPTIONS_1
2020-04-25 20:59:04.865 [restartedMain] INFO  s.d.s.w.r.operation.CachingOperationNameGenerator - Generating unique operation named: viewUsingTRACE_1
2020-04-25 20:59:04.871 [restartedMain] INFO  s.d.s.w.r.operation.CachingOperationNameGenerator - Generating unique operation named: xmlUsingPOST_1
2020-04-25 20:59:04.877 [restartedMain] INFO  s.d.s.w.r.operation.CachingOperationNameGenerator - Generating unique operation named: datastestUsingGET_1
2020-04-25 20:59:04.913 [restartedMain] INFO  org.apache.coyote.http11.Http11NioProtocol - Starting ProtocolHandler ["http-nio-9091"]
2020-04-25 20:59:04.932 [restartedMain] INFO  org.apache.tomcat.util.net.NioSelectorPool - Using a shared selector for servlet write/read
2020-04-25 20:59:04.952 [restartedMain] INFO  o.s.boot.web.embedded.tomcat.TomcatWebServer - Tomcat started on port(s): 9091 (http) with context path ''
2020-04-25 20:59:04.960 [restartedMain] INFO  com.demomodel.WebApplication - Started WebApplication in 12.41 seconds (JVM running for 13.077)
2020-04-25 21:00:47.490 [restartedMain] INFO  com.demomodel.WebApplication - Starting WebApplication on LAPTOP-J7HC9TUN with PID 17860 (D:\workspace-eclipse\tspringbootdemo\target\classes started by zbj in D:\workspace-eclipse\tspringbootdemo)
2020-04-25 21:00:47.491 [restartedMain] INFO  com.demomodel.WebApplication - The following profiles are active: prod
2020-04-25 21:00:50.032 [restartedMain] INFO  o.s.d.r.config.RepositoryConfigurationDelegate - Multiple Spring Data modules found, entering strict repository configuration mode!
2020-04-25 21:00:50.032 [restartedMain] INFO  o.s.d.r.config.RepositoryConfigurationDelegate - Bootstrapping Spring Data repositories in DEFAULT mode.
2020-04-25 21:00:50.074 [restartedMain] INFO  o.s.d.r.config.RepositoryConfigurationDelegate - Finished Spring Data repository scanning in 40ms. Found 0 repository interfaces.
2020-04-25 21:00:50.214 [restartedMain] INFO  o.s.c.s.PostProcessorRegistrationDelegate$BeanPostProcessorChecker - Bean 'org.springframework.transaction.annotation.ProxyTransactionManagementConfiguration' of type [org.springframework.transaction.annotation.ProxyTransactionManagementConfiguration$$EnhancerBySpringCGLIB$$d979c509] is not eligible for getting processed by all BeanPostProcessors (for example: not eligible for auto-proxying)
2020-04-25 21:00:50.422 [restartedMain] INFO  o.s.boot.web.embedded.tomcat.TomcatWebServer - Tomcat initialized with port(s): 9091 (http)
2020-04-25 21:00:50.424 [restartedMain] INFO  org.apache.coyote.http11.Http11NioProtocol - Initializing ProtocolHandler ["http-nio-9091"]
2020-04-25 21:00:50.424 [restartedMain] INFO  org.apache.catalina.core.StandardService - Starting service [Tomcat]
2020-04-25 21:00:50.425 [restartedMain] INFO  org.apache.catalina.core.StandardEngine - Starting Servlet Engine: Apache Tomcat/9.0.12
2020-04-25 21:00:50.455 [restartedMain] INFO  o.a.c.core.ContainerBase.[Tomcat].[localhost].[/] - Initializing Spring embedded WebApplicationContext
2020-04-25 21:00:50.455 [restartedMain] INFO  org.springframework.web.context.ContextLoader - Root WebApplicationContext: initialization completed in 2961 ms
2020-04-25 21:00:50.469 [restartedMain] INFO  o.s.boot.web.servlet.ServletRegistrationBean - Servlet dispatcherServlet mapped to [/]
2020-04-25 21:00:50.469 [restartedMain] INFO  o.s.boot.web.servlet.ServletRegistrationBean - Servlet com.demomodel.utils.de.gson.RequestDemo mapped to [/RequestDemo]
2020-04-25 21:00:50.470 [restartedMain] INFO  o.s.boot.web.servlet.FilterRegistrationBean - Mapping filter: 'characterEncodingFilter' to: [/*]
2020-04-25 21:00:50.771 [restartedMain] WARN  o.s.b.d.autoconfigure.OptionalLiveReloadServer - Unable to start LiveReload server
2020-04-25 21:00:50.796 [restartedMain] WARN  org.thymeleaf.templatemode.TemplateMode - [THYMELEAF][restartedMain] Template Mode 'HTML5' is deprecated. Using Template Mode 'HTML' instead.
2020-04-25 21:00:50.881 [restartedMain] WARN  org.thymeleaf.templatemode.TemplateMode - [THYMELEAF][restartedMain] Template Mode 'HTML5' is deprecated. Using Template Mode 'HTML' instead.
2020-04-25 21:00:50.946 [restartedMain] INFO  s.d.s.web.plugins.DocumentationPluginsBootstrapper - Context refreshed
2020-04-25 21:00:50.947 [restartedMain] INFO  s.d.s.web.plugins.DocumentationPluginsBootstrapper - Found 1 custom documentation plugin(s)
2020-04-25 21:00:50.951 [restartedMain] INFO  s.d.spring.web.scanners.ApiListingReferenceScanner - Scanning for api listing references
2020-04-25 21:00:50.962 [restartedMain] INFO  s.d.s.w.r.operation.CachingOperationNameGenerator - Generating unique operation named: helloUsingGET_1
2020-04-25 21:00:50.963 [restartedMain] INFO  s.d.s.w.r.operation.CachingOperationNameGenerator - Generating unique operation named: helloUsingHEAD_1
2020-04-25 21:00:50.964 [restartedMain] INFO  s.d.s.w.r.operation.CachingOperationNameGenerator - Generating unique operation named: helloUsingPOST_1
2020-04-25 21:00:50.965 [restartedMain] INFO  s.d.s.w.r.operation.CachingOperationNameGenerator - Generating unique operation named: helloUsingPUT_1
2020-04-25 21:00:50.966 [restartedMain] INFO  s.d.s.w.r.operation.CachingOperationNameGenerator - Generating unique operation named: helloUsingPATCH_1
2020-04-25 21:00:50.967 [restartedMain] INFO  s.d.s.w.r.operation.CachingOperationNameGenerator - Generating unique operation named: helloUsingDELETE_1
2020-04-25 21:00:50.968 [restartedMain] INFO  s.d.s.w.r.operation.CachingOperationNameGenerator - Generating unique operation named: helloUsingOPTIONS_1
2020-04-25 21:00:50.968 [restartedMain] INFO  s.d.s.w.r.operation.CachingOperationNameGenerator - Generating unique operation named: helloUsingTRACE_1
2020-04-25 21:00:50.978 [restartedMain] INFO  s.d.s.w.r.operation.CachingOperationNameGenerator - Generating unique operation named: errorUsingGET_1
2020-04-25 21:00:50.979 [restartedMain] INFO  s.d.s.w.r.operation.CachingOperationNameGenerator - Generating unique operation named: errorUsingHEAD_1
2020-04-25 21:00:50.980 [restartedMain] INFO  s.d.s.w.r.operation.CachingOperationNameGenerator - Generating unique operation named: errorUsingPOST_1
2020-04-25 21:00:50.981 [restartedMain] INFO  s.d.s.w.r.operation.CachingOperationNameGenerator - Generating unique operation named: errorUsingPUT_1
2020-04-25 21:00:50.983 [restartedMain] INFO  s.d.s.w.r.operation.CachingOperationNameGenerator - Generating unique operation named: errorUsingPATCH_1
2020-04-25 21:00:50.985 [restartedMain] INFO  s.d.s.w.r.operation.CachingOperationNameGenerator - Generating unique operation named: errorUsingDELETE_1
2020-04-25 21:00:50.986 [restartedMain] INFO  s.d.s.w.r.operation.CachingOperationNameGenerator - Generating unique operation named: errorUsingOPTIONS_1
2020-04-25 21:00:50.988 [restartedMain] INFO  s.d.s.w.r.operation.CachingOperationNameGenerator - Generating unique operation named: errorUsingTRACE_1
2020-04-25 21:00:51.005 [restartedMain] INFO  s.d.s.w.r.operation.CachingOperationNameGenerator - Generating unique operation named: errorHtmlUsingGET_1
2020-04-25 21:00:51.006 [restartedMain] INFO  s.d.s.w.r.operation.CachingOperationNameGenerator - Generating unique operation named: errorHtmlUsingHEAD_1
2020-04-25 21:00:51.008 [restartedMain] INFO  s.d.s.w.r.operation.CachingOperationNameGenerator - Generating unique operation named: errorHtmlUsingPOST_1
2020-04-25 21:00:51.009 [restartedMain] INFO  s.d.s.w.r.operation.CachingOperationNameGenerator - Generating unique operation named: errorHtmlUsingPUT_1
2020-04-25 21:00:51.010 [restartedMain] INFO  s.d.s.w.r.operation.CachingOperationNameGenerator - Generating unique operation named: errorHtmlUsingPATCH_1
2020-04-25 21:00:51.011 [restartedMain] INFO  s.d.s.w.r.operation.CachingOperationNameGenerator - Generating unique operation named: errorHtmlUsingDELETE_1
2020-04-25 21:00:51.013 [restartedMain] INFO  s.d.s.w.r.operation.CachingOperationNameGenerator - Generating unique operation named: errorHtmlUsingOPTIONS_1
2020-04-25 21:00:51.014 [restartedMain] INFO  s.d.s.w.r.operation.CachingOperationNameGenerator - Generating unique operation named: errorHtmlUsingTRACE_1
2020-04-25 21:00:51.018 [restartedMain] INFO  s.d.s.w.r.operation.CachingOperationNameGenerator - Generating unique operation named: doPostUsingGET_1
2020-04-25 21:00:51.019 [restartedMain] INFO  s.d.s.w.r.operation.CachingOperationNameGenerator - Generating unique operation named: doPostUsingHEAD_1
2020-04-25 21:00:51.019 [restartedMain] INFO  s.d.s.w.r.operation.CachingOperationNameGenerator - Generating unique operation named: doPostUsingPOST_1
2020-04-25 21:00:51.019 [restartedMain] INFO  s.d.s.w.r.operation.CachingOperationNameGenerator - Generating unique operation named: doPostUsingPUT_1
2020-04-25 21:00:51.020 [restartedMain] INFO  s.d.s.w.r.operation.CachingOperationNameGenerator - Generating unique operation named: doPostUsingPATCH_1
2020-04-25 21:00:51.020 [restartedMain] INFO  s.d.s.w.r.operation.CachingOperationNameGenerator - Generating unique operation named: doPostUsingDELETE_1
2020-04-25 21:00:51.021 [restartedMain] INFO  s.d.s.w.r.operation.CachingOperationNameGenerator - Generating unique operation named: doPostUsingOPTIONS_1
2020-04-25 21:00:51.021 [restartedMain] INFO  s.d.s.w.r.operation.CachingOperationNameGenerator - Generating unique operation named: doPostUsingTRACE_1
2020-04-25 21:00:51.024 [restartedMain] INFO  s.d.s.w.r.operation.CachingOperationNameGenerator - Generating unique operation named: jsonToObjectUsingGET_1
2020-04-25 21:00:51.024 [restartedMain] INFO  s.d.s.w.r.operation.CachingOperationNameGenerator - Generating unique operation named: jsonToObjectUsingHEAD_1
2020-04-25 21:00:51.024 [restartedMain] INFO  s.d.s.w.r.operation.CachingOperationNameGenerator - Generating unique operation named: jsonToObjectUsingPOST_1
2020-04-25 21:00:51.025 [restartedMain] INFO  s.d.s.w.r.operation.CachingOperationNameGenerator - Generating unique operation named: jsonToObjectUsingPUT_1
2020-04-25 21:00:51.025 [restartedMain] INFO  s.d.s.w.r.operation.CachingOperationNameGenerator - Generating unique operation named: jsonToObjectUsingPATCH_1
2020-04-25 21:00:51.025 [restartedMain] INFO  s.d.s.w.r.operation.CachingOperationNameGenerator - Generating unique operation named: jsonToObjectUsingDELETE_1
2020-04-25 21:00:51.026 [restartedMain] INFO  s.d.s.w.r.operation.CachingOperationNameGenerator - Generating unique operation named: jsonToObjectUsingOPTIONS_1
2020-04-25 21:00:51.026 [restartedMain] INFO  s.d.s.w.r.operation.CachingOperationNameGenerator - Generating unique operation named: jsonToObjectUsingTRACE_1
2020-04-25 21:00:51.029 [restartedMain] INFO  s.d.s.w.r.operation.CachingOperationNameGenerator - Generating unique operation named: jsonToObjectUsingPOST_2
2020-04-25 21:00:51.030 [restartedMain] INFO  s.d.s.w.r.operation.CachingOperationNameGenerator - Generating unique operation named: jsonToObjectUsingPOST_3
2020-04-25 21:00:51.044 [restartedMain] INFO  s.d.s.w.r.operation.CachingOperationNameGenerator - Generating unique operation named: queryTerrorists2UsingGET_1
2020-04-25 21:00:51.046 [restartedMain] INFO  s.d.s.w.r.operation.CachingOperationNameGenerator - Generating unique operation named: queryTerrorists2UsingHEAD_1
2020-04-25 21:00:51.047 [restartedMain] INFO  s.d.s.w.r.operation.CachingOperationNameGenerator - Generating unique operation named: queryTerrorists2UsingPOST_1
2020-04-25 21:00:51.049 [restartedMain] INFO  s.d.s.w.r.operation.CachingOperationNameGenerator - Generating unique operation named: queryTerrorists2UsingPUT_1
2020-04-25 21:00:51.051 [restartedMain] INFO  s.d.s.w.r.operation.CachingOperationNameGenerator - Generating unique operation named: queryTerrorists2UsingPATCH_1
2020-04-25 21:00:51.052 [restartedMain] INFO  s.d.s.w.r.operation.CachingOperationNameGenerator - Generating unique operation named: queryTerrorists2UsingDELETE_1
2020-04-25 21:00:51.053 [restartedMain] INFO  s.d.s.w.r.operation.CachingOperationNameGenerator - Generating unique operation named: queryTerrorists2UsingOPTIONS_1
2020-04-25 21:00:51.054 [restartedMain] INFO  s.d.s.w.r.operation.CachingOperationNameGenerator - Generating unique operation named: queryTerrorists2UsingTRACE_1
2020-04-25 21:00:51.065 [restartedMain] INFO  s.d.s.w.r.operation.CachingOperationNameGenerator - Generating unique operation named: queryTerrorists3UsingGET_1
2020-04-25 21:00:51.066 [restartedMain] INFO  s.d.s.w.r.operation.CachingOperationNameGenerator - Generating unique operation named: queryTerrorists3UsingHEAD_1
2020-04-25 21:00:51.068 [restartedMain] INFO  s.d.s.w.r.operation.CachingOperationNameGenerator - Generating unique operation named: queryTerrorists3UsingPOST_1
2020-04-25 21:00:51.070 [restartedMain] INFO  s.d.s.w.r.operation.CachingOperationNameGenerator - Generating unique operation named: queryTerrorists3UsingPUT_1
2020-04-25 21:00:51.071 [restartedMain] INFO  s.d.s.w.r.operation.CachingOperationNameGenerator - Generating unique operation named: queryTerrorists3UsingPATCH_1
2020-04-25 21:00:51.072 [restartedMain] INFO  s.d.s.w.r.operation.CachingOperationNameGenerator - Generating unique operation named: queryTerrorists3UsingDELETE_1
2020-04-25 21:00:51.073 [restartedMain] INFO  s.d.s.w.r.operation.CachingOperationNameGenerator - Generating unique operation named: queryTerrorists3UsingOPTIONS_1
2020-04-25 21:00:51.074 [restartedMain] INFO  s.d.s.w.r.operation.CachingOperationNameGenerator - Generating unique operation named: queryTerrorists3UsingTRACE_1
2020-04-25 21:00:51.081 [restartedMain] INFO  s.d.s.w.r.operation.CachingOperationNameGenerator - Generating unique operation named: queryTerrorists4UsingGET_1
2020-04-25 21:00:51.085 [restartedMain] INFO  s.d.s.w.r.operation.CachingOperationNameGenerator - Generating unique operation named: queryTerrorists4UsingHEAD_1
2020-04-25 21:00:51.086 [restartedMain] INFO  s.d.s.w.r.operation.CachingOperationNameGenerator - Generating unique operation named: queryTerrorists4UsingPOST_1
2020-04-25 21:00:51.087 [restartedMain] INFO  s.d.s.w.r.operation.CachingOperationNameGenerator - Generating unique operation named: queryTerrorists4UsingPUT_1
2020-04-25 21:00:51.088 [restartedMain] INFO  s.d.s.w.r.operation.CachingOperationNameGenerator - Generating unique operation named: queryTerrorists4UsingPATCH_1
2020-04-25 21:00:51.089 [restartedMain] INFO  s.d.s.w.r.operation.CachingOperationNameGenerator - Generating unique operation named: queryTerrorists4UsingDELETE_1
2020-04-25 21:00:51.090 [restartedMain] INFO  s.d.s.w.r.operation.CachingOperationNameGenerator - Generating unique operation named: queryTerrorists4UsingOPTIONS_1
2020-04-25 21:00:51.091 [restartedMain] INFO  s.d.s.w.r.operation.CachingOperationNameGenerator - Generating unique operation named: queryTerrorists4UsingTRACE_1
2020-04-25 21:00:51.101 [restartedMain] INFO  s.d.s.w.r.operation.CachingOperationNameGenerator - Generating unique operation named: updateUserUsingGET_1
2020-04-25 21:00:51.102 [restartedMain] INFO  s.d.s.w.r.operation.CachingOperationNameGenerator - Generating unique operation named: updateUserUsingHEAD_1
2020-04-25 21:00:51.104 [restartedMain] INFO  s.d.s.w.r.operation.CachingOperationNameGenerator - Generating unique operation named: updateUserUsingPOST_1
2020-04-25 21:00:51.104 [restartedMain] INFO  s.d.s.w.r.operation.CachingOperationNameGenerator - Generating unique operation named: updateUserUsingPUT_1
2020-04-25 21:00:51.105 [restartedMain] INFO  s.d.s.w.r.operation.CachingOperationNameGenerator - Generating unique operation named: updateUserUsingPATCH_1
2020-04-25 21:00:51.106 [restartedMain] INFO  s.d.s.w.r.operation.CachingOperationNameGenerator - Generating unique operation named: updateUserUsingDELETE_1
2020-04-25 21:00:51.107 [restartedMain] INFO  s.d.s.w.r.operation.CachingOperationNameGenerator - Generating unique operation named: updateUserUsingOPTIONS_1
2020-04-25 21:00:51.107 [restartedMain] INFO  s.d.s.w.r.operation.CachingOperationNameGenerator - Generating unique operation named: updateUserUsingTRACE_1
2020-04-25 21:00:51.109 [restartedMain] INFO  s.d.s.w.r.operation.CachingOperationNameGenerator - Generating unique operation named: helloUsingGET_2
2020-04-25 21:00:51.109 [restartedMain] INFO  s.d.s.w.r.operation.CachingOperationNameGenerator - Generating unique operation named: helloUsingHEAD_2
2020-04-25 21:00:51.110 [restartedMain] INFO  s.d.s.w.r.operation.CachingOperationNameGenerator - Generating unique operation named: helloUsingPOST_2
2020-04-25 21:00:51.110 [restartedMain] INFO  s.d.s.w.r.operation.CachingOperationNameGenerator - Generating unique operation named: helloUsingPUT_2
2020-04-25 21:00:51.111 [restartedMain] INFO  s.d.s.w.r.operation.CachingOperationNameGenerator - Generating unique operation named: helloUsingPATCH_2
2020-04-25 21:00:51.112 [restartedMain] INFO  s.d.s.w.r.operation.CachingOperationNameGenerator - Generating unique operation named: helloUsingDELETE_2
2020-04-25 21:00:51.112 [restartedMain] INFO  s.d.s.w.r.operation.CachingOperationNameGenerator - Generating unique operation named: helloUsingOPTIONS_2
2020-04-25 21:00:51.113 [restartedMain] INFO  s.d.s.w.r.operation.CachingOperationNameGenerator - Generating unique operation named: helloUsingTRACE_2
2020-04-25 21:00:51.115 [restartedMain] INFO  s.d.s.w.r.operation.CachingOperationNameGenerator - Generating unique operation named: helloUsingGET_3
2020-04-25 21:00:51.116 [restartedMain] INFO  s.d.s.w.r.operation.CachingOperationNameGenerator - Generating unique operation named: helloUsingHEAD_3
2020-04-25 21:00:51.116 [restartedMain] INFO  s.d.s.w.r.operation.CachingOperationNameGenerator - Generating unique operation named: helloUsingPOST_3
2020-04-25 21:00:51.116 [restartedMain] INFO  s.d.s.w.r.operation.CachingOperationNameGenerator - Generating unique operation named: helloUsingPUT_3
2020-04-25 21:00:51.117 [restartedMain] INFO  s.d.s.w.r.operation.CachingOperationNameGenerator - Generating unique operation named: helloUsingPATCH_3
2020-04-25 21:00:51.117 [restartedMain] INFO  s.d.s.w.r.operation.CachingOperationNameGenerator - Generating unique operation named: helloUsingDELETE_3
2020-04-25 21:00:51.118 [restartedMain] INFO  s.d.s.w.r.operation.CachingOperationNameGenerator - Generating unique operation named: helloUsingOPTIONS_3
2020-04-25 21:00:51.118 [restartedMain] INFO  s.d.s.w.r.operation.CachingOperationNameGenerator - Generating unique operation named: helloUsingTRACE_3
2020-04-25 21:00:51.122 [restartedMain] INFO  s.d.s.w.r.operation.CachingOperationNameGenerator - Generating unique operation named: hello2UsingGET_1
2020-04-25 21:00:51.122 [restartedMain] INFO  s.d.s.w.r.operation.CachingOperationNameGenerator - Generating unique operation named: hello2UsingHEAD_1
2020-04-25 21:00:51.123 [restartedMain] INFO  s.d.s.w.r.operation.CachingOperationNameGenerator - Generating unique operation named: hello2UsingPOST_1
2020-04-25 21:00:51.124 [restartedMain] INFO  s.d.s.w.r.operation.CachingOperationNameGenerator - Generating unique operation named: hello2UsingPUT_1
2020-04-25 21:00:51.124 [restartedMain] INFO  s.d.s.w.r.operation.CachingOperationNameGenerator - Generating unique operation named: hello2UsingPATCH_1
2020-04-25 21:00:51.125 [restartedMain] INFO  s.d.s.w.r.operation.CachingOperationNameGenerator - Generating unique operation named: hello2UsingDELETE_1
2020-04-25 21:00:51.125 [restartedMain] INFO  s.d.s.w.r.operation.CachingOperationNameGenerator - Generating unique operation named: hello2UsingOPTIONS_1
2020-04-25 21:00:51.126 [restartedMain] INFO  s.d.s.w.r.operation.CachingOperationNameGenerator - Generating unique operation named: hello2UsingTRACE_1
2020-04-25 21:00:51.137 [restartedMain] INFO  s.d.s.w.r.operation.CachingOperationNameGenerator - Generating unique operation named: implicitTerroriUsingGET_1
2020-04-25 21:00:51.138 [restartedMain] INFO  s.d.s.w.r.operation.CachingOperationNameGenerator - Generating unique operation named: implicitTerroriUsingHEAD_1
2020-04-25 21:00:51.139 [restartedMain] INFO  s.d.s.w.r.operation.CachingOperationNameGenerator - Generating unique operation named: implicitTerroriUsingPOST_1
2020-04-25 21:00:51.140 [restartedMain] INFO  s.d.s.w.r.operation.CachingOperationNameGenerator - Generating unique operation named: implicitTerroriUsingPUT_1
2020-04-25 21:00:51.141 [restartedMain] INFO  s.d.s.w.r.operation.CachingOperationNameGenerator - Generating unique operation named: implicitTerroriUsingPATCH_1
2020-04-25 21:00:51.142 [restartedMain] INFO  s.d.s.w.r.operation.CachingOperationNameGenerator - Generating unique operation named: implicitTerroriUsingDELETE_1
2020-04-25 21:00:51.143 [restartedMain] INFO  s.d.s.w.r.operation.CachingOperationNameGenerator - Generating unique operation named: implicitTerroriUsingOPTIONS_1
2020-04-25 21:00:51.144 [restartedMain] INFO  s.d.s.w.r.operation.CachingOperationNameGenerator - Generating unique operation named: implicitTerroriUsingTRACE_1
2020-04-25 21:00:51.152 [restartedMain] INFO  s.d.s.w.r.operation.CachingOperationNameGenerator - Generating unique operation named: implicitTerroristsUsingGET_1
2020-04-25 21:00:51.153 [restartedMain] INFO  s.d.s.w.r.operation.CachingOperationNameGenerator - Generating unique operation named: implicitTerroristsUsingHEAD_1
2020-04-25 21:00:51.154 [restartedMain] INFO  s.d.s.w.r.operation.CachingOperationNameGenerator - Generating unique operation named: implicitTerroristsUsingPOST_1
2020-04-25 21:00:51.155 [restartedMain] INFO  s.d.s.w.r.operation.CachingOperationNameGenerator - Generating unique operation named: implicitTerroristsUsingPUT_1
2020-04-25 21:00:51.156 [restartedMain] INFO  s.d.s.w.r.operation.CachingOperationNameGenerator - Generating unique operation named: implicitTerroristsUsingPATCH_1
2020-04-25 21:00:51.157 [restartedMain] INFO  s.d.s.w.r.operation.CachingOperationNameGenerator - Generating unique operation named: implicitTerroristsUsingDELETE_1
2020-04-25 21:00:51.158 [restartedMain] INFO  s.d.s.w.r.operation.CachingOperationNameGenerator - Generating unique operation named: implicitTerroristsUsingOPTIONS_1
2020-04-25 21:00:51.159 [restartedMain] INFO  s.d.s.w.r.operation.CachingOperationNameGenerator - Generating unique operation named: implicitTerroristsUsingTRACE_1
2020-04-25 21:00:51.177 [restartedMain] INFO  s.d.s.w.r.operation.CachingOperationNameGenerator - Generating unique operation named: queryTerroristsUsingGET_1
2020-04-25 21:00:51.177 [restartedMain] INFO  s.d.s.w.r.operation.CachingOperationNameGenerator - Generating unique operation named: queryTerroristsUsingHEAD_1
2020-04-25 21:00:51.178 [restartedMain] INFO  s.d.s.w.r.operation.CachingOperationNameGenerator - Generating unique operation named: queryTerroristsUsingPOST_1
2020-04-25 21:00:51.179 [restartedMain] INFO  s.d.s.w.r.operation.CachingOperationNameGenerator - Generating unique operation named: queryTerroristsUsingPUT_1
2020-04-25 21:00:51.180 [restartedMain] INFO  s.d.s.w.r.operation.CachingOperationNameGenerator - Generating unique operation named: queryTerroristsUsingPATCH_1
2020-04-25 21:00:51.181 [restartedMain] INFO  s.d.s.w.r.operation.CachingOperationNameGenerator - Generating unique operation named: queryTerroristsUsingDELETE_1
2020-04-25 21:00:51.184 [restartedMain] INFO  s.d.s.w.r.operation.CachingOperationNameGenerator - Generating unique operation named: queryTerroristsUsingOPTIONS_1
2020-04-25 21:00:51.186 [restartedMain] INFO  s.d.s.w.r.operation.CachingOperationNameGenerator - Generating unique operation named: queryTerroristsUsingTRACE_1
2020-04-25 21:00:51.189 [restartedMain] INFO  s.d.s.w.r.operation.CachingOperationNameGenerator - Generating unique operation named: updtaControlStateUsingPOST_1
2020-04-25 21:00:51.192 [restartedMain] INFO  s.d.s.w.r.operation.CachingOperationNameGenerator - Generating unique operation named: testJspUsingGET_1
2020-04-25 21:00:51.194 [restartedMain] INFO  s.d.s.w.r.operation.CachingOperationNameGenerator - Generating unique operation named: testThemleafUsingGET_1
2020-04-25 21:00:51.196 [restartedMain] INFO  s.d.s.w.r.operation.CachingOperationNameGenerator - Generating unique operation named: testVueUsingGET_1
2020-04-25 21:00:51.202 [restartedMain] INFO  s.d.s.w.r.operation.CachingOperationNameGenerator - Generating unique operation named: getRedisUsingGET_1
2020-04-25 21:00:51.202 [restartedMain] INFO  s.d.s.w.r.operation.CachingOperationNameGenerator - Generating unique operation named: getRedisUsingHEAD_1
2020-04-25 21:00:51.203 [restartedMain] INFO  s.d.s.w.r.operation.CachingOperationNameGenerator - Generating unique operation named: getRedisUsingPOST_1
2020-04-25 21:00:51.203 [restartedMain] INFO  s.d.s.w.r.operation.CachingOperationNameGenerator - Generating unique operation named: getRedisUsingPUT_1
2020-04-25 21:00:51.204 [restartedMain] INFO  s.d.s.w.r.operation.CachingOperationNameGenerator - Generating unique operation named: getRedisUsingPATCH_1
2020-04-25 21:00:51.204 [restartedMain] INFO  s.d.s.w.r.operation.CachingOperationNameGenerator - Generating unique operation named: getRedisUsingDELETE_1
2020-04-25 21:00:51.205 [restartedMain] INFO  s.d.s.w.r.operation.CachingOperationNameGenerator - Generating unique operation named: getRedisUsingOPTIONS_1
2020-04-25 21:00:51.205 [restartedMain] INFO  s.d.s.w.r.operation.CachingOperationNameGenerator - Generating unique operation named: getRedisUsingTRACE_1
2020-04-25 21:00:51.207 [restartedMain] INFO  s.d.s.w.r.operation.CachingOperationNameGenerator - Generating unique operation named: updtaControlStateUsingPOST_2
2020-04-25 21:00:51.209 [restartedMain] INFO  s.d.s.w.r.operation.CachingOperationNameGenerator - Generating unique operation named: updtaControlStateUsingPOST_3
2020-04-25 21:00:51.212 [restartedMain] INFO  s.d.s.w.r.operation.CachingOperationNameGenerator - Generating unique operation named: getRedisUsingGET_2
2020-04-25 21:00:51.213 [restartedMain] INFO  s.d.s.w.r.operation.CachingOperationNameGenerator - Generating unique operation named: getRedisUsingHEAD_2
2020-04-25 21:00:51.214 [restartedMain] INFO  s.d.s.w.r.operation.CachingOperationNameGenerator - Generating unique operation named: getRedisUsingPOST_2
2020-04-25 21:00:51.214 [restartedMain] INFO  s.d.s.w.r.operation.CachingOperationNameGenerator - Generating unique operation named: getRedisUsingPUT_2
2020-04-25 21:00:51.216 [restartedMain] INFO  s.d.s.w.r.operation.CachingOperationNameGenerator - Generating unique operation named: getRedisUsingPATCH_2
2020-04-25 21:00:51.218 [restartedMain] INFO  s.d.s.w.r.operation.CachingOperationNameGenerator - Generating unique operation named: getRedisUsingDELETE_2
2020-04-25 21:00:51.219 [restartedMain] INFO  s.d.s.w.r.operation.CachingOperationNameGenerator - Generating unique operation named: getRedisUsingOPTIONS_2
2020-04-25 21:00:51.219 [restartedMain] INFO  s.d.s.w.r.operation.CachingOperationNameGenerator - Generating unique operation named: getRedisUsingTRACE_2
2020-04-25 21:00:51.221 [restartedMain] INFO  s.d.s.w.r.operation.CachingOperationNameGenerator - Generating unique operation named: getRedisUsingGET_3
2020-04-25 21:00:51.222 [restartedMain] INFO  s.d.s.w.r.operation.CachingOperationNameGenerator - Generating unique operation named: getRedisUsingHEAD_3
2020-04-25 21:00:51.222 [restartedMain] INFO  s.d.s.w.r.operation.CachingOperationNameGenerator - Generating unique operation named: getRedisUsingPOST_3
2020-04-25 21:00:51.223 [restartedMain] INFO  s.d.s.w.r.operation.CachingOperationNameGenerator - Generating unique operation named: getRedisUsingPUT_3
2020-04-25 21:00:51.224 [restartedMain] INFO  s.d.s.w.r.operation.CachingOperationNameGenerator - Generating unique operation named: getRedisUsingPATCH_3
2020-04-25 21:00:51.224 [restartedMain] INFO  s.d.s.w.r.operation.CachingOperationNameGenerator - Generating unique operation named: getRedisUsingDELETE_3
2020-04-25 21:00:51.225 [restartedMain] INFO  s.d.s.w.r.operation.CachingOperationNameGenerator - Generating unique operation named: getRedisUsingOPTIONS_3
2020-04-25 21:00:51.225 [restartedMain] INFO  s.d.s.w.r.operation.CachingOperationNameGenerator - Generating unique operation named: getRedisUsingTRACE_3
2020-04-25 21:00:51.227 [restartedMain] INFO  s.d.s.w.r.operation.CachingOperationNameGenerator - Generating unique operation named: checkAuthCookiesUsingGET_1
2020-04-25 21:00:51.235 [restartedMain] INFO  s.d.s.w.r.operation.CachingOperationNameGenerator - Generating unique operation named: checkLoginUsingGET_1
2020-04-25 21:00:51.236 [restartedMain] INFO  s.d.s.w.r.operation.CachingOperationNameGenerator - Generating unique operation named: checkLoginUsingHEAD_1
2020-04-25 21:00:51.237 [restartedMain] INFO  s.d.s.w.r.operation.CachingOperationNameGenerator - Generating unique operation named: checkLoginUsingPOST_1
2020-04-25 21:00:51.237 [restartedMain] INFO  s.d.s.w.r.operation.CachingOperationNameGenerator - Generating unique operation named: checkLoginUsingPUT_1
2020-04-25 21:00:51.237 [restartedMain] INFO  s.d.s.w.r.operation.CachingOperationNameGenerator - Generating unique operation named: checkLoginUsingPATCH_1
2020-04-25 21:00:51.238 [restartedMain] INFO  s.d.s.w.r.operation.CachingOperationNameGenerator - Generating unique operation named: checkLoginUsingDELETE_1
2020-04-25 21:00:51.238 [restartedMain] INFO  s.d.s.w.r.operation.CachingOperationNameGenerator - Generating unique operation named: checkLoginUsingOPTIONS_1
2020-04-25 21:00:51.239 [restartedMain] INFO  s.d.s.w.r.operation.CachingOperationNameGenerator - Generating unique operation named: checkLoginUsingTRACE_1
2020-04-25 21:00:51.242 [restartedMain] INFO  s.d.s.w.r.operation.CachingOperationNameGenerator - Generating unique operation named: indexUsingGET_1
2020-04-25 21:00:51.242 [restartedMain] INFO  s.d.s.w.r.operation.CachingOperationNameGenerator - Generating unique operation named: indexUsingHEAD_1
2020-04-25 21:00:51.243 [restartedMain] INFO  s.d.s.w.r.operation.CachingOperationNameGenerator - Generating unique operation named: indexUsingPOST_1
2020-04-25 21:00:51.243 [restartedMain] INFO  s.d.s.w.r.operation.CachingOperationNameGenerator - Generating unique operation named: indexUsingPUT_1
2020-04-25 21:00:51.243 [restartedMain] INFO  s.d.s.w.r.operation.CachingOperationNameGenerator - Generating unique operation named: indexUsingPATCH_1
2020-04-25 21:00:51.244 [restartedMain] INFO  s.d.s.w.r.operation.CachingOperationNameGenerator - Generating unique operation named: indexUsingDELETE_1
2020-04-25 21:00:51.244 [restartedMain] INFO  s.d.s.w.r.operation.CachingOperationNameGenerator - Generating unique operation named: indexUsingOPTIONS_1
2020-04-25 21:00:51.244 [restartedMain] INFO  s.d.s.w.r.operation.CachingOperationNameGenerator - Generating unique operation named: indexUsingTRACE_1
2020-04-25 21:00:51.258 [restartedMain] INFO  s.d.s.w.r.operation.CachingOperationNameGenerator - Generating unique operation named: userLoginUsingGET_1
2020-04-25 21:00:51.259 [restartedMain] INFO  s.d.s.w.r.operation.CachingOperationNameGenerator - Generating unique operation named: userLoginUsingHEAD_1
2020-04-25 21:00:51.260 [restartedMain] INFO  s.d.s.w.r.operation.CachingOperationNameGenerator - Generating unique operation named: userLoginUsingPOST_1
2020-04-25 21:00:51.261 [restartedMain] INFO  s.d.s.w.r.operation.CachingOperationNameGenerator - Generating unique operation named: userLoginUsingPUT_1
2020-04-25 21:00:51.262 [restartedMain] INFO  s.d.s.w.r.operation.CachingOperationNameGenerator - Generating unique operation named: userLoginUsingPATCH_1
2020-04-25 21:00:51.263 [restartedMain] INFO  s.d.s.w.r.operation.CachingOperationNameGenerator - Generating unique operation named: userLoginUsingDELETE_1
2020-04-25 21:00:51.264 [restartedMain] INFO  s.d.s.w.r.operation.CachingOperationNameGenerator - Generating unique operation named: userLoginUsingOPTIONS_1
2020-04-25 21:00:51.265 [restartedMain] INFO  s.d.s.w.r.operation.CachingOperationNameGenerator - Generating unique operation named: userLoginUsingTRACE_1
2020-04-25 21:00:51.283 [restartedMain] INFO  s.d.s.w.r.operation.CachingOperationNameGenerator - Generating unique operation named: async1UsingGET_1
2020-04-25 21:00:51.285 [restartedMain] INFO  s.d.s.w.r.operation.CachingOperationNameGenerator - Generating unique operation named: async1UsingHEAD_1
2020-04-25 21:00:51.287 [restartedMain] INFO  s.d.s.w.r.operation.CachingOperationNameGenerator - Generating unique operation named: async1UsingPOST_1
2020-04-25 21:00:51.288 [restartedMain] INFO  s.d.s.w.r.operation.CachingOperationNameGenerator - Generating unique operation named: async1UsingPUT_1
2020-04-25 21:00:51.290 [restartedMain] INFO  s.d.s.w.r.operation.CachingOperationNameGenerator - Generating unique operation named: async1UsingPATCH_1
2020-04-25 21:00:51.291 [restartedMain] INFO  s.d.s.w.r.operation.CachingOperationNameGenerator - Generating unique operation named: async1UsingDELETE_1
2020-04-25 21:00:51.292 [restartedMain] INFO  s.d.s.w.r.operation.CachingOperationNameGenerator - Generating unique operation named: async1UsingOPTIONS_1
2020-04-25 21:00:51.294 [restartedMain] INFO  s.d.s.w.r.operation.CachingOperationNameGenerator - Generating unique operation named: async1UsingTRACE_1
2020-04-25 21:00:51.311 [restartedMain] INFO  s.d.s.w.r.operation.CachingOperationNameGenerator - Generating unique operation named: async2UsingGET_1
2020-04-25 21:00:51.312 [restartedMain] INFO  s.d.s.w.r.operation.CachingOperationNameGenerator - Generating unique operation named: async2UsingHEAD_1
2020-04-25 21:00:51.313 [restartedMain] INFO  s.d.s.w.r.operation.CachingOperationNameGenerator - Generating unique operation named: async2UsingPOST_1
2020-04-25 21:00:51.315 [restartedMain] INFO  s.d.s.w.r.operation.CachingOperationNameGenerator - Generating unique operation named: async2UsingPUT_1
2020-04-25 21:00:51.317 [restartedMain] INFO  s.d.s.w.r.operation.CachingOperationNameGenerator - Generating unique operation named: async2UsingPATCH_1
2020-04-25 21:00:51.319 [restartedMain] INFO  s.d.s.w.r.operation.CachingOperationNameGenerator - Generating unique operation named: async2UsingDELETE_1
2020-04-25 21:00:51.321 [restartedMain] INFO  s.d.s.w.r.operation.CachingOperationNameGenerator - Generating unique operation named: async2UsingOPTIONS_1
2020-04-25 21:00:51.322 [restartedMain] INFO  s.d.s.w.r.operation.CachingOperationNameGenerator - Generating unique operation named: async2UsingTRACE_1
2020-04-25 21:00:51.328 [restartedMain] INFO  s.d.s.w.r.operation.CachingOperationNameGenerator - Generating unique operation named: createUsingPOST_1
2020-04-25 21:00:51.339 [restartedMain] INFO  s.d.s.w.r.operation.CachingOperationNameGenerator - Generating unique operation named: exceptionUsingGET_1
2020-04-25 21:00:51.340 [restartedMain] INFO  s.d.s.w.r.operation.CachingOperationNameGenerator - Generating unique operation named: exceptionUsingHEAD_1
2020-04-25 21:00:51.340 [restartedMain] INFO  s.d.s.w.r.operation.CachingOperationNameGenerator - Generating unique operation named: exceptionUsingPOST_1
2020-04-25 21:00:51.342 [restartedMain] INFO  s.d.s.w.r.operation.CachingOperationNameGenerator - Generating unique operation named: exceptionUsingPUT_1
2020-04-25 21:00:51.343 [restartedMain] INFO  s.d.s.w.r.operation.CachingOperationNameGenerator - Generating unique operation named: exceptionUsingPATCH_1
2020-04-25 21:00:51.344 [restartedMain] INFO  s.d.s.w.r.operation.CachingOperationNameGenerator - Generating unique operation named: exceptionUsingDELETE_1
2020-04-25 21:00:51.346 [restartedMain] INFO  s.d.s.w.r.operation.CachingOperationNameGenerator - Generating unique operation named: exceptionUsingOPTIONS_1
2020-04-25 21:00:51.347 [restartedMain] INFO  s.d.s.w.r.operation.CachingOperationNameGenerator - Generating unique operation named: exceptionUsingTRACE_1
2020-04-25 21:00:51.355 [restartedMain] INFO  s.d.s.w.r.operation.CachingOperationNameGenerator - Generating unique operation named: jsonUsingPOST_1
2020-04-25 21:00:51.361 [restartedMain] INFO  s.d.s.w.r.operation.CachingOperationNameGenerator - Generating unique operation named: uploadIconUsingPOST_1
2020-04-25 21:00:51.371 [restartedMain] INFO  s.d.s.w.r.operation.CachingOperationNameGenerator - Generating unique operation named: viewUsingGET_1
2020-04-25 21:00:51.374 [restartedMain] INFO  s.d.s.w.r.operation.CachingOperationNameGenerator - Generating unique operation named: viewUsingHEAD_1
2020-04-25 21:00:51.375 [restartedMain] INFO  s.d.s.w.r.operation.CachingOperationNameGenerator - Generating unique operation named: viewUsingPOST_1
2020-04-25 21:00:51.377 [restartedMain] INFO  s.d.s.w.r.operation.CachingOperationNameGenerator - Generating unique operation named: viewUsingPUT_1
2020-04-25 21:00:51.379 [restartedMain] INFO  s.d.s.w.r.operation.CachingOperationNameGenerator - Generating unique operation named: viewUsingPATCH_1
2020-04-25 21:00:51.381 [restartedMain] INFO  s.d.s.w.r.operation.CachingOperationNameGenerator - Generating unique operation named: viewUsingDELETE_1
2020-04-25 21:00:51.384 [restartedMain] INFO  s.d.s.w.r.operation.CachingOperationNameGenerator - Generating unique operation named: viewUsingOPTIONS_1
2020-04-25 21:00:51.386 [restartedMain] INFO  s.d.s.w.r.operation.CachingOperationNameGenerator - Generating unique operation named: viewUsingTRACE_1
2020-04-25 21:00:51.390 [restartedMain] INFO  s.d.s.w.r.operation.CachingOperationNameGenerator - Generating unique operation named: xmlUsingPOST_1
2020-04-25 21:00:51.393 [restartedMain] INFO  s.d.s.w.r.operation.CachingOperationNameGenerator - Generating unique operation named: datastestUsingGET_1
2020-04-25 21:00:51.409 [restartedMain] INFO  org.apache.coyote.http11.Http11NioProtocol - Starting ProtocolHandler ["http-nio-9091"]
2020-04-25 21:00:51.411 [restartedMain] INFO  org.apache.tomcat.util.net.NioSelectorPool - Using a shared selector for servlet write/read
2020-04-25 21:00:51.414 [restartedMain] INFO  o.s.boot.web.embedded.tomcat.TomcatWebServer - Tomcat started on port(s): 9091 (http) with context path ''
2020-04-25 21:00:51.416 [restartedMain] INFO  com.demomodel.WebApplication - Started WebApplication in 3.996 seconds (JVM running for 119.534)
2020-04-25 21:00:51.420 [restartedMain] INFO  o.s.b.d.a.ConditionEvaluationDeltaLoggingListener - Condition evaluation unchanged
